<?xml version="1.0" encoding="UTF-8"?>
<!-- Generated by org.testng.reporters.JUnitReportReporter -->
<testsuite hostname="DESKTOP-IV7E0VE" failures="0" tests="1" name="click_All_Internet_without_Try_Catch" time="36.754" errors="0" timestamp="17 янв. 2025 20:55:39 GMT" skipped="0">
  <testcase classname="click_All_Internet_without_Try_Catch" name="ckickALLaObjects" time="36.754"/>
</testsuite> <!-- click_All_Internet_without_Try_Catch -->
