<?xml version="1.0" encoding="UTF-8"?>
<!-- Generated by org.testng.reporters.JUnitReportReporter -->
<testsuite hostname="DESKTOP-IV7E0VE" failures="0" tests="2" name="TestNG" time="7.429" errors="0" timestamp="17 янв. 2025 21:00:51 GMT" skipped="0">
  <testcase classname="TestNG" name="CountButton" time="3.846"/>
  <testcase classname="TestNG" name="clickContactAndWatchOtherPage" time="3.583"/>
</testsuite> <!-- TestNG -->
