<?xml version="1.0" encoding="UTF-8"?>
<!-- Generated by org.testng.reporters.JUnitReportReporter -->
<testsuite hostname="DESKTOP-IV7E0VE" failures="0" tests="1" name="click_All_Internet" time="42.087" errors="0" timestamp="11 янв. 2025 17:25:27 GMT" skipped="0">
  <testcase classname="click_All_Internet" name="ckickALLaObjects" time="42.087"/>
</testsuite> <!-- click_All_Internet -->
