<?xml version="1.0" encoding="UTF-8"?>
<!-- Generated by org.testng.reporters.JUnitReportReporter -->
<testsuite hostname="DESKTOP-IV7E0VE" failures="0" tests="1" name="click_All_Internet_without_Try_Catch" time="44.302" errors="0" timestamp="17 янв. 2025 19:25:20 GMT" skipped="0">
  <testcase classname="click_All_Internet_without_Try_Catch" name="ckickALLaObjects" time="44.302"/>
</testsuite> <!-- click_All_Internet_without_Try_Catch -->
