<?xml version="1.0" encoding="UTF-8"?>
<!-- Generated by org.testng.reporters.JUnitReportReporter -->
<testsuite hostname="DESKTOP-IV7E0VE" failures="0" tests="2" name="testNGwithAnimedia" time="26.175" errors="0" timestamp="08 янв. 2025 19:42:19 GMT" skipped="1">
  <testcase classname="testNGwithAnimedia" name="clickAndChangePage" time="26.175"/>
  <testcase classname="testNGwithAnimedia" name="countPosters">
    <skipped/>
  </testcase> <!-- countPosters -->
</testsuite> <!-- testNGwithAnimedia -->
