<?xml version="1.0" encoding="UTF-8"?>
<!-- Generated by org.testng.reporters.JUnitReportReporter -->
<testsuite hostname="DESKTOP-IV7E0VE" failures="0" tests="2" name="testNGwithSteobyStep" time="21.480" errors="0" timestamp="17 янв. 2025 21:02:30 GMT" skipped="0">
  <testcase classname="testNGwithSteobyStep" name="clickAndChangePage" time="13.369"/>
  <testcase classname="testNGwithSteobyStep" name="countPosters" time="8.111"/>
</testsuite> <!-- testNGwithSteobyStep -->
