<?xml version="1.0" encoding="UTF-8"?>
<!-- Generated by org.testng.reporters.JUnitReportReporter -->
<testsuite hostname="DESKTOP-IV7E0VE" failures="0" tests="4" name="internetPage" time="69.277" errors="0" timestamp="11 янв. 2025 19:30:59 GMT" skipped="0">
  <testcase classname="internetPage" name="clickAllObjects" time="34.938"/>
  <testcase classname="internetPage" name="eachObjectOpen" time="18.061"/>
  <testcase classname="internetPage" name="AutorizationsALL" time="11.354"/>
  <testcase classname="internetPage" name="countObjects" time="4.924"/>
</testsuite> <!-- internetPage -->
