<?xml version="1.0" encoding="UTF-8"?>
<!-- Generated by org.testng.reporters.JUnitReportReporter -->
<testsuite hostname="DESKTOP-IV7E0VE" failures="0" tests="2" name="TestNG" time="11.119" errors="0" timestamp="08 янв. 2025 17:34:05 GMT" skipped="1">
  <testcase classname="TestNG" name="clickContactAndWatchOtherPage" time="11.119"/>
  <testcase classname="TestNG" name="CountButton">
    <skipped/>
  </testcase> <!-- CountButton -->
</testsuite> <!-- TestNG -->
