<?xml version="1.0" encoding="UTF-8"?>
<!-- Generated by org.testng.reporters.JUnitReportReporter -->
<testsuite hostname="DESKTOP-IV7E0VE" failures="0" tests="2" name="TestNG" time="10.499" errors="0" timestamp="2025-01-17T16:35:28 PYST" skipped="1">
  <testcase classname="TestNG" name="clickContactAndWatchOtherPage" time="10.499"/>
  <testcase classname="TestNG" name="CountButton">
    <skipped/>
  </testcase> <!-- CountButton -->
</testsuite> <!-- TestNG -->
